<?xml version="1.0" encoding="UTF-8"?>
<testsuite name="PermissionManagerTest" tests="1" skipped="0" failures="0" errors="0" timestamp="2021-10-27T18:30:17" hostname="DESKTOP-VCMIDGQ" time="0.023">
  <properties/>
  <testcase name="Unit Test for getPermissionLevel() method" classname="PermissionManagerTest" time="0.023"/>
  <system-out><![CDATA[]]></system-out>
  <system-err><![CDATA[]]></system-err>
</testsuite>
